{"/Users/kseniagladkih/Desktop/projectVue/personal-pay/src/App.vue": {"path":"/Users/kseniagladkih/Desktop/projectVue/personal-pay/src/App.vue","statementMap":{"0":{"start":{"line":10,"column":0},"end":{"line":10,"column":null}}},"fnMap":{},"branchMap":{},"s":{"0":0},"f":{},"b":{}}
,"/Users/kseniagladkih/Desktop/projectVue/personal-pay/src/components/HelloWorld.vue": {"path":"/Users/kseniagladkih/Desktop/projectVue/personal-pay/src/components/HelloWorld.vue","statementMap":{"0":{"start":{"line":66,"column":0},"end":{"line":66,"column":null}},"1":{"start":{"line":80,"column":0},"end":{"line":80,"column":null}},"2":{"start":{"line":83,"column":0},"end":{"line":83,"column":null}},"3":{"start":{"line":87,"column":0},"end":{"line":87,"column":null}},"4":{"start":{"line":93,"column":0},"end":{"line":93,"column":null}},"5":{"start":{"line":100,"column":0},"end":{"line":100,"column":null}},"6":{"start":{"line":101,"column":0},"end":{"line":101,"column":null}},"7":{"start":{"line":103,"column":0},"end":{"line":103,"column":null}},"8":{"start":{"line":104,"column":0},"end":{"line":104,"column":null}},"9":{"start":{"line":106,"column":0},"end":{"line":106,"column":null}},"10":{"start":{"line":107,"column":0},"end":{"line":107,"column":null}},"11":{"start":{"line":109,"column":0},"end":{"line":109,"column":null}},"12":{"start":{"line":110,"column":0},"end":{"line":110,"column":null}},"13":{"start":{"line":112,"column":0},"end":{"line":112,"column":null}},"14":{"start":{"line":113,"column":0},"end":{"line":113,"column":null}},"15":{"start":{"line":116,"column":0},"end":{"line":116,"column":null}},"16":{"start":{"line":117,"column":0},"end":{"line":117,"column":null}},"17":{"start":{"line":118,"column":0},"end":{"line":118,"column":null}},"18":{"start":{"line":123,"column":0},"end":{"line":128,"column":null}},"19":{"start":{"line":124,"column":0},"end":{"line":124,"column":null}},"20":{"start":{"line":125,"column":0},"end":{"line":125,"column":null}},"21":{"start":{"line":127,"column":0},"end":{"line":127,"column":null}},"22":{"start":{"line":131,"column":0},"end":{"line":131,"column":null}},"23":{"start":{"line":132,"column":0},"end":{"line":132,"column":null}},"24":{"start":{"line":135,"column":0},"end":{"line":135,"column":null}},"25":{"start":{"line":138,"column":0},"end":{"line":138,"column":null}},"26":{"start":{"line":141,"column":0},"end":{"line":141,"column":null}},"27":{"start":{"line":142,"column":0},"end":{"line":142,"column":null}},"28":{"start":{"line":145,"column":0},"end":{"line":145,"column":null}},"29":{"start":{"line":146,"column":0},"end":{"line":146,"column":null}},"30":{"start":{"line":149,"column":0},"end":{"line":151,"column":null}},"31":{"start":{"line":150,"column":0},"end":{"line":150,"column":null}},"32":{"start":{"line":152,"column":0},"end":{"line":152,"column":null}},"33":{"start":{"line":155,"column":0},"end":{"line":155,"column":null}}},"fnMap":{"0":{"name":"(anonymous_1)","decl":{"start":{"line":65,"column":0},"end":{"line":65,"column":null}},"loc":{"start":{"line":65,"column":0},"end":{"line":77,"column":null}}},"1":{"name":"(anonymous_2)","decl":{"start":{"line":79,"column":0},"end":{"line":79,"column":null}},"loc":{"start":{"line":79,"column":0},"end":{"line":81,"column":null}}},"2":{"name":"(anonymous_3)","decl":{"start":{"line":82,"column":0},"end":{"line":82,"column":null}},"loc":{"start":{"line":82,"column":0},"end":{"line":85,"column":null}}},"3":{"name":"(anonymous_4)","decl":{"start":{"line":86,"column":0},"end":{"line":86,"column":null}},"loc":{"start":{"line":86,"column":0},"end":{"line":88,"column":null}}},"4":{"name":"(anonymous_5)","decl":{"start":{"line":92,"column":0},"end":{"line":92,"column":null}},"loc":{"start":{"line":92,"column":0},"end":{"line":94,"column":null}}},"5":{"name":"(anonymous_6)","decl":{"start":{"line":99,"column":0},"end":{"line":99,"column":null}},"loc":{"start":{"line":99,"column":0},"end":{"line":121,"column":null}}},"6":{"name":"(anonymous_7)","decl":{"start":{"line":122,"column":0},"end":{"line":122,"column":null}},"loc":{"start":{"line":122,"column":0},"end":{"line":129,"column":null}}},"7":{"name":"(anonymous_8)","decl":{"start":{"line":130,"column":0},"end":{"line":130,"column":null}},"loc":{"start":{"line":130,"column":0},"end":{"line":133,"column":null}}},"8":{"name":"(anonymous_9)","decl":{"start":{"line":134,"column":0},"end":{"line":134,"column":null}},"loc":{"start":{"line":134,"column":0},"end":{"line":136,"column":null}}},"9":{"name":"(anonymous_10)","decl":{"start":{"line":137,"column":0},"end":{"line":137,"column":null}},"loc":{"start":{"line":137,"column":0},"end":{"line":139,"column":null}}},"10":{"name":"(anonymous_11)","decl":{"start":{"line":140,"column":0},"end":{"line":140,"column":null}},"loc":{"start":{"line":140,"column":0},"end":{"line":143,"column":null}}},"11":{"name":"(anonymous_12)","decl":{"start":{"line":144,"column":0},"end":{"line":144,"column":null}},"loc":{"start":{"line":144,"column":0},"end":{"line":147,"column":null}}},"12":{"name":"(anonymous_13)","decl":{"start":{"line":148,"column":0},"end":{"line":148,"column":null}},"loc":{"start":{"line":148,"column":0},"end":{"line":153,"column":null}}},"13":{"name":"(anonymous_14)","decl":{"start":{"line":154,"column":0},"end":{"line":154,"column":null}},"loc":{"start":{"line":154,"column":0},"end":{"line":158,"column":null}}}},"branchMap":{"0":{"loc":{"start":{"line":99,"column":0},"end":{"line":99,"column":null}},"type":"default-arg","locations":[{"start":{"line":99,"column":0},"end":{"line":99,"column":null}}]},"1":{"loc":{"start":{"line":101,"column":0},"end":{"line":101,"column":null}},"type":"switch","locations":[{"start":{"line":102,"column":0},"end":{"line":104,"column":null}},{"start":{"line":105,"column":0},"end":{"line":107,"column":null}},{"start":{"line":108,"column":0},"end":{"line":110,"column":null}},{"start":{"line":111,"column":0},"end":{"line":113,"column":null}}]},"2":{"loc":{"start":{"line":123,"column":0},"end":{"line":128,"column":null}},"type":"if","locations":[{"start":{"line":123,"column":0},"end":{"line":128,"column":null}},{"start":{"line":126,"column":0},"end":{"line":128,"column":null}}]},"3":{"loc":{"start":{"line":149,"column":0},"end":{"line":151,"column":null}},"type":"if","locations":[{"start":{"line":149,"column":0},"end":{"line":151,"column":null}}]},"4":{"loc":{"start":{"line":149,"column":0},"end":{"line":149,"column":null}},"type":"binary-expr","locations":[{"start":{"line":149,"column":0},"end":{"line":149,"column":null}},{"start":{"line":149,"column":0},"end":{"line":149,"column":null}}]},"5":{"loc":{"start":{"line":155,"column":0},"end":{"line":155,"column":null}},"type":"cond-expr","locations":[{"start":{"line":155,"column":0},"end":{"line":155,"column":null}},{"start":{"line":155,"column":0},"end":{"line":155,"column":null}}]}},"s":{"0":0,"1":0,"2":0,"3":0,"4":0,"5":0,"6":0,"7":0,"8":0,"9":0,"10":0,"11":0,"12":0,"13":0,"14":0,"15":0,"16":0,"17":0,"18":0,"19":0,"20":0,"21":0,"22":0,"23":0,"24":0,"25":0,"26":0,"27":0,"28":0,"29":0,"30":0,"31":0,"32":0,"33":0},"f":{"0":0,"1":0,"2":0,"3":0,"4":0,"5":0,"6":0,"7":0,"8":0,"9":0,"10":0,"11":0,"12":0,"13":0},"b":{"0":[0],"1":[0,0,0,0],"2":[0,0],"3":[0],"4":[0,0],"5":[0,0]}}
,"/Users/kseniagladkih/Desktop/projectVue/personal-pay/src/components/MyCalculator.vue": {"path":"/Users/kseniagladkih/Desktop/projectVue/personal-pay/src/components/MyCalculator.vue","statementMap":{"0":{"start":{"line":89,"column":0},"end":{"line":89,"column":null}},"1":{"start":{"line":105,"column":0},"end":{"line":105,"column":null}},"2":{"start":{"line":106,"column":0},"end":{"line":106,"column":null}},"3":{"start":{"line":108,"column":0},"end":{"line":108,"column":null}},"4":{"start":{"line":109,"column":0},"end":{"line":109,"column":null}},"5":{"start":{"line":111,"column":0},"end":{"line":111,"column":null}},"6":{"start":{"line":112,"column":0},"end":{"line":112,"column":null}},"7":{"start":{"line":114,"column":0},"end":{"line":114,"column":null}},"8":{"start":{"line":115,"column":0},"end":{"line":115,"column":null}},"9":{"start":{"line":117,"column":0},"end":{"line":117,"column":null}},"10":{"start":{"line":118,"column":0},"end":{"line":118,"column":null}},"11":{"start":{"line":120,"column":0},"end":{"line":120,"column":null}},"12":{"start":{"line":121,"column":0},"end":{"line":121,"column":null}},"13":{"start":{"line":123,"column":0},"end":{"line":123,"column":null}},"14":{"start":{"line":124,"column":0},"end":{"line":124,"column":null}},"15":{"start":{"line":126,"column":0},"end":{"line":126,"column":null}},"16":{"start":{"line":127,"column":0},"end":{"line":127,"column":null}},"17":{"start":{"line":128,"column":0},"end":{"line":128,"column":null}},"18":{"start":{"line":131,"column":0},"end":{"line":131,"column":null}},"19":{"start":{"line":132,"column":0},"end":{"line":132,"column":null}},"20":{"start":{"line":133,"column":0},"end":{"line":133,"column":null}},"21":{"start":{"line":136,"column":0},"end":{"line":136,"column":null}},"22":{"start":{"line":137,"column":0},"end":{"line":137,"column":null}},"23":{"start":{"line":138,"column":0},"end":{"line":138,"column":null}},"24":{"start":{"line":141,"column":0},"end":{"line":141,"column":null}},"25":{"start":{"line":142,"column":0},"end":{"line":142,"column":null}},"26":{"start":{"line":143,"column":0},"end":{"line":143,"column":null}},"27":{"start":{"line":146,"column":0},"end":{"line":146,"column":null}},"28":{"start":{"line":147,"column":0},"end":{"line":147,"column":null}},"29":{"start":{"line":148,"column":0},"end":{"line":148,"column":null}},"30":{"start":{"line":151,"column":0},"end":{"line":151,"column":null}},"31":{"start":{"line":152,"column":0},"end":{"line":152,"column":null}},"32":{"start":{"line":153,"column":0},"end":{"line":153,"column":null}},"33":{"start":{"line":156,"column":0},"end":{"line":156,"column":null}},"34":{"start":{"line":157,"column":0},"end":{"line":157,"column":null}},"35":{"start":{"line":158,"column":0},"end":{"line":158,"column":null}},"36":{"start":{"line":167,"column":0},"end":{"line":169,"column":null}},"37":{"start":{"line":168,"column":0},"end":{"line":168,"column":null}},"38":{"start":{"line":170,"column":0},"end":{"line":170,"column":null}},"39":{"start":{"line":173,"column":0},"end":{"line":173,"column":null}},"40":{"start":{"line":176,"column":0},"end":{"line":186,"column":null}},"41":{"start":{"line":177,"column":0},"end":{"line":181,"column":null}},"42":{"start":{"line":178,"column":0},"end":{"line":178,"column":null}},"43":{"start":{"line":179,"column":0},"end":{"line":181,"column":null}},"44":{"start":{"line":180,"column":0},"end":{"line":180,"column":null}},"45":{"start":{"line":182,"column":0},"end":{"line":186,"column":null}},"46":{"start":{"line":183,"column":0},"end":{"line":183,"column":null}},"47":{"start":{"line":184,"column":0},"end":{"line":186,"column":null}},"48":{"start":{"line":185,"column":0},"end":{"line":185,"column":null}},"49":{"start":{"line":200,"column":0},"end":{"line":200,"column":null}},"50":{"start":{"line":203,"column":0},"end":{"line":203,"column":null}},"51":{"start":{"line":206,"column":0},"end":{"line":206,"column":null}},"52":{"start":{"line":209,"column":0},"end":{"line":209,"column":null}},"53":{"start":{"line":212,"column":0},"end":{"line":212,"column":null}},"54":{"start":{"line":221,"column":0},"end":{"line":225,"column":null}},"55":{"start":{"line":222,"column":0},"end":{"line":222,"column":null}},"56":{"start":{"line":224,"column":0},"end":{"line":224,"column":null}},"57":{"start":{"line":228,"column":0},"end":{"line":232,"column":null}},"58":{"start":{"line":229,"column":0},"end":{"line":229,"column":null}},"59":{"start":{"line":231,"column":0},"end":{"line":231,"column":null}}},"fnMap":{"0":{"name":"(anonymous_1)","decl":{"start":{"line":88,"column":0},"end":{"line":88,"column":null}},"loc":{"start":{"line":88,"column":0},"end":{"line":102,"column":null}}},"1":{"name":"(anonymous_2)","decl":{"start":{"line":104,"column":0},"end":{"line":104,"column":null}},"loc":{"start":{"line":104,"column":0},"end":{"line":129,"column":null}}},"2":{"name":"(anonymous_3)","decl":{"start":{"line":130,"column":0},"end":{"line":130,"column":null}},"loc":{"start":{"line":130,"column":0},"end":{"line":134,"column":null}}},"3":{"name":"(anonymous_4)","decl":{"start":{"line":135,"column":0},"end":{"line":135,"column":null}},"loc":{"start":{"line":135,"column":0},"end":{"line":139,"column":null}}},"4":{"name":"(anonymous_5)","decl":{"start":{"line":140,"column":0},"end":{"line":140,"column":null}},"loc":{"start":{"line":140,"column":0},"end":{"line":144,"column":null}}},"5":{"name":"(anonymous_6)","decl":{"start":{"line":145,"column":0},"end":{"line":145,"column":null}},"loc":{"start":{"line":145,"column":0},"end":{"line":149,"column":null}}},"6":{"name":"(anonymous_7)","decl":{"start":{"line":150,"column":0},"end":{"line":150,"column":null}},"loc":{"start":{"line":150,"column":0},"end":{"line":154,"column":null}}},"7":{"name":"(anonymous_8)","decl":{"start":{"line":155,"column":0},"end":{"line":155,"column":null}},"loc":{"start":{"line":155,"column":0},"end":{"line":165,"column":null}}},"8":{"name":"(anonymous_9)","decl":{"start":{"line":166,"column":0},"end":{"line":166,"column":null}},"loc":{"start":{"line":166,"column":0},"end":{"line":171,"column":null}}},"9":{"name":"(anonymous_10)","decl":{"start":{"line":172,"column":0},"end":{"line":172,"column":null}},"loc":{"start":{"line":172,"column":0},"end":{"line":174,"column":null}}},"10":{"name":"(anonymous_11)","decl":{"start":{"line":175,"column":0},"end":{"line":175,"column":null}},"loc":{"start":{"line":175,"column":0},"end":{"line":187,"column":null}}},"11":{"name":"(anonymous_12)","decl":{"start":{"line":199,"column":0},"end":{"line":199,"column":null}},"loc":{"start":{"line":199,"column":0},"end":{"line":201,"column":null}}},"12":{"name":"(anonymous_13)","decl":{"start":{"line":202,"column":0},"end":{"line":202,"column":null}},"loc":{"start":{"line":202,"column":0},"end":{"line":204,"column":null}}},"13":{"name":"(anonymous_14)","decl":{"start":{"line":205,"column":0},"end":{"line":205,"column":null}},"loc":{"start":{"line":205,"column":0},"end":{"line":207,"column":null}}},"14":{"name":"(anonymous_15)","decl":{"start":{"line":208,"column":0},"end":{"line":208,"column":null}},"loc":{"start":{"line":208,"column":0},"end":{"line":210,"column":null}}},"15":{"name":"(anonymous_16)","decl":{"start":{"line":211,"column":0},"end":{"line":211,"column":null}},"loc":{"start":{"line":211,"column":0},"end":{"line":213,"column":null}}},"16":{"name":"(anonymous_17)","decl":{"start":{"line":220,"column":0},"end":{"line":220,"column":null}},"loc":{"start":{"line":220,"column":0},"end":{"line":226,"column":null}}},"17":{"name":"(anonymous_18)","decl":{"start":{"line":227,"column":0},"end":{"line":227,"column":null}},"loc":{"start":{"line":227,"column":0},"end":{"line":233,"column":null}}}},"branchMap":{"0":{"loc":{"start":{"line":106,"column":0},"end":{"line":106,"column":null}},"type":"switch","locations":[{"start":{"line":107,"column":0},"end":{"line":109,"column":null}},{"start":{"line":110,"column":0},"end":{"line":112,"column":null}},{"start":{"line":113,"column":0},"end":{"line":115,"column":null}},{"start":{"line":116,"column":0},"end":{"line":118,"column":null}},{"start":{"line":119,"column":0},"end":{"line":121,"column":null}},{"start":{"line":122,"column":0},"end":{"line":124,"column":null}}]},"1":{"loc":{"start":{"line":167,"column":0},"end":{"line":169,"column":null}},"type":"if","locations":[{"start":{"line":167,"column":0},"end":{"line":169,"column":null}}]},"2":{"loc":{"start":{"line":167,"column":0},"end":{"line":167,"column":null}},"type":"binary-expr","locations":[{"start":{"line":167,"column":0},"end":{"line":167,"column":null}},{"start":{"line":167,"column":0},"end":{"line":167,"column":null}},{"start":{"line":167,"column":0},"end":{"line":167,"column":null}},{"start":{"line":167,"column":0},"end":{"line":167,"column":null}}]},"3":{"loc":{"start":{"line":173,"column":0},"end":{"line":173,"column":null}},"type":"cond-expr","locations":[{"start":{"line":173,"column":0},"end":{"line":173,"column":null}},{"start":{"line":173,"column":0},"end":{"line":173,"column":null}}]},"4":{"loc":{"start":{"line":176,"column":0},"end":{"line":186,"column":null}},"type":"if","locations":[{"start":{"line":176,"column":0},"end":{"line":186,"column":null}},{"start":{"line":182,"column":0},"end":{"line":186,"column":null}}]},"5":{"loc":{"start":{"line":177,"column":0},"end":{"line":181,"column":null}},"type":"if","locations":[{"start":{"line":177,"column":0},"end":{"line":181,"column":null}},{"start":{"line":179,"column":0},"end":{"line":181,"column":null}}]},"6":{"loc":{"start":{"line":177,"column":0},"end":{"line":177,"column":null}},"type":"binary-expr","locations":[{"start":{"line":177,"column":0},"end":{"line":177,"column":null}},{"start":{"line":177,"column":0},"end":{"line":177,"column":null}}]},"7":{"loc":{"start":{"line":179,"column":0},"end":{"line":181,"column":null}},"type":"if","locations":[{"start":{"line":179,"column":0},"end":{"line":181,"column":null}}]},"8":{"loc":{"start":{"line":179,"column":0},"end":{"line":179,"column":null}},"type":"binary-expr","locations":[{"start":{"line":179,"column":0},"end":{"line":179,"column":null}},{"start":{"line":179,"column":0},"end":{"line":179,"column":null}}]},"9":{"loc":{"start":{"line":182,"column":0},"end":{"line":186,"column":null}},"type":"if","locations":[{"start":{"line":182,"column":0},"end":{"line":186,"column":null}},{"start":{"line":184,"column":0},"end":{"line":186,"column":null}}]},"10":{"loc":{"start":{"line":182,"column":0},"end":{"line":182,"column":null}},"type":"binary-expr","locations":[{"start":{"line":182,"column":0},"end":{"line":182,"column":null}},{"start":{"line":182,"column":0},"end":{"line":182,"column":null}}]},"11":{"loc":{"start":{"line":184,"column":0},"end":{"line":186,"column":null}},"type":"if","locations":[{"start":{"line":184,"column":0},"end":{"line":186,"column":null}}]},"12":{"loc":{"start":{"line":184,"column":0},"end":{"line":184,"column":null}},"type":"binary-expr","locations":[{"start":{"line":184,"column":0},"end":{"line":184,"column":null}},{"start":{"line":184,"column":0},"end":{"line":184,"column":null}}]},"13":{"loc":{"start":{"line":221,"column":0},"end":{"line":225,"column":null}},"type":"if","locations":[{"start":{"line":221,"column":0},"end":{"line":225,"column":null}},{"start":{"line":223,"column":0},"end":{"line":225,"column":null}}]},"14":{"loc":{"start":{"line":228,"column":0},"end":{"line":232,"column":null}},"type":"if","locations":[{"start":{"line":228,"column":0},"end":{"line":232,"column":null}},{"start":{"line":230,"column":0},"end":{"line":232,"column":null}}]}},"s":{"0":9,"1":6,"2":6,"3":1,"4":1,"5":1,"6":1,"7":1,"8":1,"9":1,"10":1,"11":1,"12":1,"13":1,"14":1,"15":6,"16":6,"17":6,"18":1,"19":1,"20":1,"21":1,"22":1,"23":1,"24":1,"25":1,"26":1,"27":1,"28":1,"29":1,"30":1,"31":1,"32":1,"33":1,"34":1,"35":1,"36":168,"37":36,"38":132,"39":198,"40":36,"41":18,"42":9,"43":9,"44":9,"45":18,"46":9,"47":9,"48":9,"49":6,"50":6,"51":15,"52":15,"53":10,"54":3,"55":2,"56":1,"57":3,"58":1,"59":2},"f":{"0":9,"1":6,"2":1,"3":1,"4":1,"5":1,"6":1,"7":1,"8":168,"9":198,"10":36,"11":6,"12":6,"13":15,"14":15,"15":10,"16":3,"17":3},"b":{"0":[1,1,1,1,1,1],"1":[36],"2":[168,28,150,28],"3":[105,93],"4":[18,18],"5":[9,9],"6":[18,9],"7":[9],"8":[9,9],"9":[9,9],"10":[18,9],"11":[9],"12":[9,9],"13":[2,1],"14":[1,2]}}
}
