TN:
SF:src/App.vue
FNF:0
FNH:0
DA:10,0
LF:1
LH:0
BRF:0
BRH:0
end_of_record
TN:
SF:src/components/HelloWorld.vue
FN:65,(anonymous_1)
FN:79,(anonymous_2)
FN:82,(anonymous_3)
FN:86,(anonymous_4)
FN:92,(anonymous_5)
FN:99,(anonymous_6)
FN:122,(anonymous_7)
FN:130,(anonymous_8)
FN:134,(anonymous_9)
FN:137,(anonymous_10)
FN:140,(anonymous_11)
FN:144,(anonymous_12)
FN:148,(anonymous_13)
FN:154,(anonymous_14)
FNF:14
FNH:0
FNDA:0,(anonymous_1)
FNDA:0,(anonymous_2)
FNDA:0,(anonymous_3)
FNDA:0,(anonymous_4)
FNDA:0,(anonymous_5)
FNDA:0,(anonymous_6)
FNDA:0,(anonymous_7)
FNDA:0,(anonymous_8)
FNDA:0,(anonymous_9)
FNDA:0,(anonymous_10)
FNDA:0,(anonymous_11)
FNDA:0,(anonymous_12)
FNDA:0,(anonymous_13)
FNDA:0,(anonymous_14)
DA:66,0
DA:80,0
DA:83,0
DA:87,0
DA:93,0
DA:100,0
DA:101,0
DA:103,0
DA:104,0
DA:106,0
DA:107,0
DA:109,0
DA:110,0
DA:112,0
DA:113,0
DA:116,0
DA:117,0
DA:118,0
DA:123,0
DA:124,0
DA:125,0
DA:127,0
DA:131,0
DA:132,0
DA:135,0
DA:138,0
DA:141,0
DA:142,0
DA:145,0
DA:146,0
DA:149,0
DA:150,0
DA:152,0
DA:155,0
LF:34
LH:0
BRDA:99,0,0,0
BRDA:101,1,0,0
BRDA:101,1,1,0
BRDA:101,1,2,0
BRDA:101,1,3,0
BRDA:123,2,0,0
BRDA:123,2,1,0
BRDA:149,3,0,0
BRDA:149,4,0,0
BRDA:149,4,1,0
BRDA:155,5,0,0
BRDA:155,5,1,0
BRF:12
BRH:0
end_of_record
TN:
SF:src/components/MyCalculator.vue
FN:88,(anonymous_1)
FN:104,(anonymous_2)
FN:130,(anonymous_3)
FN:135,(anonymous_4)
FN:140,(anonymous_5)
FN:145,(anonymous_6)
FN:150,(anonymous_7)
FN:155,(anonymous_8)
FN:166,(anonymous_9)
FN:172,(anonymous_10)
FN:175,(anonymous_11)
FN:199,(anonymous_12)
FN:202,(anonymous_13)
FN:205,(anonymous_14)
FN:208,(anonymous_15)
FN:211,(anonymous_16)
FN:220,(anonymous_17)
FN:227,(anonymous_18)
FNF:18
FNH:18
FNDA:9,(anonymous_1)
FNDA:6,(anonymous_2)
FNDA:1,(anonymous_3)
FNDA:1,(anonymous_4)
FNDA:1,(anonymous_5)
FNDA:1,(anonymous_6)
FNDA:1,(anonymous_7)
FNDA:1,(anonymous_8)
FNDA:168,(anonymous_9)
FNDA:198,(anonymous_10)
FNDA:36,(anonymous_11)
FNDA:6,(anonymous_12)
FNDA:6,(anonymous_13)
FNDA:15,(anonymous_14)
FNDA:15,(anonymous_15)
FNDA:10,(anonymous_16)
FNDA:3,(anonymous_17)
FNDA:3,(anonymous_18)
DA:89,9
DA:105,6
DA:106,6
DA:108,1
DA:109,1
DA:111,1
DA:112,1
DA:114,1
DA:115,1
DA:117,1
DA:118,1
DA:120,1
DA:121,1
DA:123,1
DA:124,1
DA:126,6
DA:127,6
DA:128,6
DA:131,1
DA:132,1
DA:133,1
DA:136,1
DA:137,1
DA:138,1
DA:141,1
DA:142,1
DA:143,1
DA:146,1
DA:147,1
DA:148,1
DA:151,1
DA:152,1
DA:153,1
DA:156,1
DA:157,1
DA:158,1
DA:167,168
DA:168,36
DA:170,132
DA:173,198
DA:176,36
DA:177,18
DA:178,9
DA:179,9
DA:180,9
DA:182,18
DA:183,9
DA:184,9
DA:185,9
DA:200,6
DA:203,6
DA:206,15
DA:209,15
DA:212,10
DA:221,3
DA:222,2
DA:224,1
DA:228,3
DA:229,1
DA:231,2
LF:60
LH:60
BRDA:106,0,0,1
BRDA:106,0,1,1
BRDA:106,0,2,1
BRDA:106,0,3,1
BRDA:106,0,4,1
BRDA:106,0,5,1
BRDA:167,1,0,36
BRDA:167,2,0,168
BRDA:167,2,1,28
BRDA:167,2,2,150
BRDA:167,2,3,28
BRDA:173,3,0,105
BRDA:173,3,1,93
BRDA:176,4,0,18
BRDA:176,4,1,18
BRDA:177,5,0,9
BRDA:177,5,1,9
BRDA:177,6,0,18
BRDA:177,6,1,9
BRDA:179,7,0,9
BRDA:179,8,0,9
BRDA:179,8,1,9
BRDA:182,9,0,9
BRDA:182,9,1,9
BRDA:182,10,0,18
BRDA:182,10,1,9
BRDA:184,11,0,9
BRDA:184,12,0,9
BRDA:184,12,1,9
BRDA:221,13,0,2
BRDA:221,13,1,1
BRDA:228,14,0,1
BRDA:228,14,1,2
BRF:33
BRH:33
end_of_record
